2012-07-27 14:07:03 Debug: permission: actionUrl-admin/index
2012-07-28 06:05:58 Debug: permission: actionUrl-orders/add
2012-07-30 02:46:56 Debug: permission: actionUrl-orders/add
2012-07-31 04:59:11 Debug: permission: actionUrl-css/default_theme.css
2012-07-31 04:59:11 Debug: permission: actionUrl-js/jquery.nivo.slider.pack.js
2012-07-31 04:59:11 Debug: permission: actionUrl-css/nivo
2012-07-31 04:59:11 Debug: permission: actionUrl-js/home.js
2012-07-31 04:59:11 Debug: permission: actionUrl-img/layout
2012-07-31 04:59:11 Debug: permission: actionUrl-css/home.css
2012-07-31 04:59:12 Debug: permission: actionUrl-/
2012-07-31 04:59:12 Debug: permission: actionUrl-/
2012-07-31 04:59:12 Debug: permission: actionUrl-/
2012-07-31 04:59:12 Debug: permission: actionUrl-img/layout
2012-07-31 04:59:12 Debug: permission: actionUrl-/
2012-07-31 05:00:43 Debug: permission: actionUrl-img/layout
2012-07-31 05:00:43 Debug: permission: actionUrl-/
2012-07-31 05:00:43 Debug: permission: actionUrl-js/home.js
2012-07-31 05:00:43 Debug: permission: actionUrl-/
2012-07-31 05:00:43 Debug: permission: actionUrl-js/jquery.nivo.slider.pack.js
2012-07-31 05:00:43 Debug: permission: actionUrl-img/layout
2012-07-31 05:00:43 Debug: permission: actionUrl-/
2012-07-31 05:00:43 Debug: permission: actionUrl-/
2012-07-31 05:00:43 Debug: permission: actionUrl-img/layout
2012-07-31 05:00:43 Debug: permission: actionUrl-img/layout
2012-07-31 05:01:32 Debug: permission: actionUrl-js/jquery.nivo.slider.pack.js
2012-07-31 05:01:32 Debug: permission: actionUrl-js/home.js
2012-07-31 05:01:40 Debug: permission: actionUrl-js/jquery.nivo.slider.pack.js
2012-07-31 05:01:40 Debug: permission: actionUrl-js/home.js
2012-07-31 05:08:32 Debug: permission: actionUrl-/
2012-07-31 05:08:32 Debug: permission: actionUrl-/
2012-07-31 05:08:32 Debug: permission: actionUrl-css/loading.gif
2012-07-31 05:08:32 Debug: permission: actionUrl-css/bullets.png
2012-07-31 05:08:47 Debug: permission: actionUrl-/
2012-07-31 05:08:52 Debug: permission: actionUrl-/
2012-07-31 05:08:52 Debug: permission: actionUrl-/
2012-07-31 05:08:56 Debug: permission: actionUrl-/
2012-07-31 05:08:56 Debug: permission: actionUrl-/
2012-07-31 05:08:56 Debug: permission: actionUrl-css/loading.gif
2012-07-31 05:08:56 Debug: permission: actionUrl-css/bullets.png
2012-07-31 05:09:06 Debug: permission: actionUrl-/
2012-07-31 05:09:11 Debug: permission: actionUrl-/
2012-07-31 05:09:11 Debug: permission: actionUrl-/
2012-07-31 05:09:16 Debug: permission: actionUrl-/
2012-07-31 05:09:21 Debug: permission: actionUrl-/
2012-07-31 05:09:35 Debug: permission: actionUrl-/
2012-07-31 05:09:35 Debug: permission: actionUrl-/
2012-07-31 05:09:40 Debug: permission: actionUrl-/
2012-07-31 05:09:52 Debug: permission: actionUrl-/
2012-07-31 05:09:57 Debug: permission: actionUrl-/
2012-07-31 05:09:57 Debug: permission: actionUrl-/
2012-07-31 05:10:02 Debug: permission: actionUrl-/
2012-07-31 05:10:07 Debug: permission: actionUrl-/
2012-07-31 05:10:12 Debug: permission: actionUrl-/
2012-07-31 05:10:12 Debug: permission: actionUrl-/
2012-07-31 05:10:21 Debug: permission: actionUrl-/
2012-07-31 05:10:35 Debug: permission: actionUrl-/
2012-07-31 05:10:40 Debug: permission: actionUrl-/
2012-07-31 05:10:40 Debug: permission: actionUrl-/
2012-07-31 05:10:45 Debug: permission: actionUrl-/
2012-07-31 05:10:50 Debug: permission: actionUrl-/
2012-07-31 05:10:55 Debug: permission: actionUrl-/
2012-07-31 05:10:55 Debug: permission: actionUrl-/
2012-07-31 05:11:00 Debug: permission: actionUrl-/
2012-07-31 05:11:05 Debug: permission: actionUrl-/
2012-07-31 05:11:10 Debug: permission: actionUrl-/
2012-07-31 05:11:10 Debug: permission: actionUrl-/
2012-07-31 05:11:15 Debug: permission: actionUrl-/
2012-07-31 05:11:15 Debug: permission: actionUrl-/
2012-07-31 05:11:15 Debug: permission: actionUrl-css/loading.gif
2012-07-31 05:11:15 Debug: permission: actionUrl-css/bullets.png
2012-07-31 05:11:21 Debug: permission: actionUrl-/
2012-07-31 05:11:26 Debug: permission: actionUrl-/
2012-07-31 05:11:26 Debug: permission: actionUrl-/
2012-07-31 05:11:31 Debug: permission: actionUrl-/
2012-07-31 05:11:36 Debug: permission: actionUrl-/
2012-07-31 05:11:41 Debug: permission: actionUrl-/
2012-07-31 05:11:41 Debug: permission: actionUrl-/
2012-07-31 05:11:46 Debug: permission: actionUrl-/
2012-07-31 05:11:51 Debug: permission: actionUrl-/
2012-07-31 05:11:56 Debug: permission: actionUrl-/
2012-07-31 05:11:56 Debug: permission: actionUrl-/
2012-07-31 05:12:01 Debug: permission: actionUrl-/
2012-07-31 05:12:06 Debug: permission: actionUrl-/
2012-07-31 05:12:11 Debug: permission: actionUrl-/
2012-07-31 05:12:11 Debug: permission: actionUrl-/
2012-07-31 05:12:16 Debug: permission: actionUrl-/
2012-07-31 05:12:21 Debug: permission: actionUrl-/
2012-07-31 05:12:26 Debug: permission: actionUrl-/
2012-07-31 05:12:26 Debug: permission: actionUrl-/
2012-07-31 05:12:31 Debug: permission: actionUrl-/
2012-07-31 05:12:36 Debug: permission: actionUrl-/
2012-07-31 05:12:41 Debug: permission: actionUrl-/
2012-07-31 05:12:41 Debug: permission: actionUrl-/
2012-07-31 05:12:46 Debug: permission: actionUrl-/
2012-07-31 05:12:51 Debug: permission: actionUrl-/
2012-07-31 05:12:56 Debug: permission: actionUrl-/
2012-07-31 05:12:56 Debug: permission: actionUrl-/
2012-07-31 05:13:01 Debug: permission: actionUrl-/
2012-07-31 05:13:06 Debug: permission: actionUrl-/
2012-07-31 05:13:11 Debug: permission: actionUrl-/
2012-07-31 05:13:11 Debug: permission: actionUrl-/
2012-07-31 05:13:16 Debug: permission: actionUrl-/
2012-07-31 05:13:21 Debug: permission: actionUrl-/
2012-07-31 05:13:26 Debug: permission: actionUrl-/
2012-07-31 05:13:26 Debug: permission: actionUrl-/
2012-07-31 05:13:31 Debug: permission: actionUrl-/
2012-07-31 05:13:36 Debug: permission: actionUrl-/
2012-07-31 05:13:41 Debug: permission: actionUrl-/
2012-07-31 05:13:41 Debug: permission: actionUrl-/
2012-07-31 05:13:46 Debug: permission: actionUrl-/
2012-07-31 05:13:51 Debug: permission: actionUrl-/
2012-07-31 05:13:56 Debug: permission: actionUrl-/
2012-07-31 05:13:56 Debug: permission: actionUrl-/
2012-07-31 05:14:01 Debug: permission: actionUrl-/
2012-07-31 05:14:06 Debug: permission: actionUrl-/
2012-07-31 05:14:11 Debug: permission: actionUrl-/
2012-07-31 05:14:11 Debug: permission: actionUrl-/
2012-07-31 05:14:16 Debug: permission: actionUrl-/
2012-07-31 05:14:21 Debug: permission: actionUrl-/
2012-07-31 05:14:26 Debug: permission: actionUrl-/
2012-07-31 05:14:26 Debug: permission: actionUrl-/
2012-07-31 05:14:31 Debug: permission: actionUrl-/
2012-07-31 05:14:36 Debug: permission: actionUrl-/
2012-07-31 05:14:41 Debug: permission: actionUrl-/
2012-07-31 05:14:41 Debug: permission: actionUrl-/
2012-07-31 05:14:46 Debug: permission: actionUrl-/
2012-07-31 05:14:51 Debug: permission: actionUrl-/
2012-07-31 05:14:56 Debug: permission: actionUrl-/
2012-07-31 05:14:56 Debug: permission: actionUrl-/
2012-07-31 05:15:01 Debug: permission: actionUrl-/
2012-07-31 05:15:06 Debug: permission: actionUrl-/
2012-07-31 05:15:11 Debug: permission: actionUrl-/
2012-07-31 05:15:11 Debug: permission: actionUrl-/
2012-07-31 05:15:16 Debug: permission: actionUrl-/
2012-07-31 05:15:21 Debug: permission: actionUrl-/
2012-07-31 05:15:26 Debug: permission: actionUrl-/
2012-07-31 05:15:26 Debug: permission: actionUrl-/
2012-07-31 05:15:31 Debug: permission: actionUrl-/
2012-07-31 05:15:36 Debug: permission: actionUrl-/
2012-07-31 05:15:41 Debug: permission: actionUrl-/
2012-07-31 05:15:41 Debug: permission: actionUrl-/
2012-07-31 05:15:46 Debug: permission: actionUrl-/
2012-07-31 05:15:51 Debug: permission: actionUrl-/
2012-07-31 05:15:57 Debug: permission: actionUrl-/
2012-07-31 05:15:57 Debug: permission: actionUrl-/
2012-07-31 05:15:57 Debug: permission: actionUrl-css/loading.gif
2012-07-31 05:15:57 Debug: permission: actionUrl-css/bullets.png
2012-07-31 05:16:02 Debug: permission: actionUrl-/
2012-07-31 05:16:07 Debug: permission: actionUrl-/
2012-07-31 05:16:07 Debug: permission: actionUrl-/
2012-07-31 05:16:12 Debug: permission: actionUrl-/
2012-07-31 05:16:17 Debug: permission: actionUrl-/
2012-07-31 05:16:22 Debug: permission: actionUrl-/
2012-07-31 05:16:22 Debug: permission: actionUrl-/
2012-07-31 05:16:27 Debug: permission: actionUrl-/
2012-07-31 05:16:32 Debug: permission: actionUrl-/
2012-07-31 05:16:37 Debug: permission: actionUrl-/
2012-07-31 05:16:37 Debug: permission: actionUrl-/
2012-07-31 05:16:42 Debug: permission: actionUrl-/
2012-07-31 05:16:47 Debug: permission: actionUrl-/
2012-07-31 05:16:52 Debug: permission: actionUrl-/
2012-07-31 05:16:52 Debug: permission: actionUrl-/
2012-07-31 05:16:57 Debug: permission: actionUrl-/
2012-07-31 05:17:02 Debug: permission: actionUrl-/
2012-07-31 05:17:07 Debug: permission: actionUrl-/
2012-07-31 05:17:07 Debug: permission: actionUrl-/
2012-07-31 05:17:12 Debug: permission: actionUrl-/
2012-07-31 05:17:20 Debug: permission: actionUrl-/
2012-07-31 05:17:25 Debug: permission: actionUrl-/
2012-07-31 05:17:25 Debug: permission: actionUrl-/
2012-07-31 05:17:30 Debug: permission: actionUrl-/
2012-07-31 05:17:35 Debug: permission: actionUrl-/
2012-07-31 05:17:40 Debug: permission: actionUrl-/
2012-07-31 05:17:40 Debug: permission: actionUrl-/
2012-07-31 05:17:45 Debug: permission: actionUrl-/
2012-07-31 05:17:50 Debug: permission: actionUrl-/
2012-07-31 05:17:55 Debug: permission: actionUrl-/
2012-07-31 05:17:55 Debug: permission: actionUrl-/
2012-07-31 05:18:00 Debug: permission: actionUrl-/
2012-07-31 05:18:05 Debug: permission: actionUrl-/
2012-07-31 05:18:10 Debug: permission: actionUrl-/
2012-07-31 05:18:10 Debug: permission: actionUrl-/
2012-07-31 05:18:15 Debug: permission: actionUrl-/
2012-07-31 05:18:20 Debug: permission: actionUrl-/
2012-07-31 05:18:25 Debug: permission: actionUrl-/
2012-07-31 05:18:25 Debug: permission: actionUrl-/
2012-07-31 05:18:30 Debug: permission: actionUrl-/
2012-07-31 05:18:35 Debug: permission: actionUrl-/
2012-07-31 05:18:40 Debug: permission: actionUrl-/
2012-07-31 05:18:40 Debug: permission: actionUrl-/
2012-07-31 05:18:45 Debug: permission: actionUrl-/
2012-07-31 05:18:50 Debug: permission: actionUrl-/
2012-07-31 05:18:55 Debug: permission: actionUrl-/
2012-07-31 05:18:55 Debug: permission: actionUrl-/
2012-07-31 05:19:00 Debug: permission: actionUrl-/
2012-07-31 05:19:05 Debug: permission: actionUrl-/
2012-07-31 05:19:10 Debug: permission: actionUrl-/
2012-07-31 05:19:10 Debug: permission: actionUrl-/
2012-07-31 05:19:15 Debug: permission: actionUrl-/
2012-07-31 05:19:20 Debug: permission: actionUrl-/
2012-07-31 05:19:25 Debug: permission: actionUrl-/
2012-07-31 05:19:25 Debug: permission: actionUrl-/
2012-07-31 05:19:30 Debug: permission: actionUrl-/
2012-07-31 05:19:35 Debug: permission: actionUrl-/
2012-07-31 05:19:40 Debug: permission: actionUrl-/
2012-07-31 05:19:40 Debug: permission: actionUrl-/
2012-07-31 05:19:45 Debug: permission: actionUrl-/
2012-07-31 05:19:50 Debug: permission: actionUrl-/
2012-07-31 05:19:55 Debug: permission: actionUrl-/
2012-07-31 05:19:55 Debug: permission: actionUrl-/
2012-07-31 05:20:00 Debug: permission: actionUrl-/
2012-07-31 05:20:12 Debug: permission: actionUrl-/
2012-07-31 05:20:16 Debug: permission: actionUrl-/
2012-07-31 05:20:16 Debug: permission: actionUrl-/
2012-07-31 05:20:21 Debug: permission: actionUrl-/
2012-07-31 05:20:26 Debug: permission: actionUrl-/
2012-07-31 05:20:32 Debug: permission: actionUrl-/
2012-07-31 05:20:32 Debug: permission: actionUrl-/
2012-07-31 05:20:39 Debug: permission: actionUrl-/
2012-07-31 05:20:44 Debug: permission: actionUrl-/
2012-07-31 05:20:48 Debug: permission: actionUrl-/
2012-07-31 05:20:49 Debug: permission: actionUrl-/
2012-07-31 05:20:53 Debug: permission: actionUrl-/
2012-07-31 05:20:59 Debug: permission: actionUrl-/
2012-07-31 05:21:03 Debug: permission: actionUrl-/
2012-07-31 05:21:03 Debug: permission: actionUrl-/
2012-07-31 05:21:09 Debug: permission: actionUrl-/
2012-07-31 05:21:14 Debug: permission: actionUrl-/
2012-07-31 05:21:18 Debug: permission: actionUrl-/
2012-07-31 05:21:18 Debug: permission: actionUrl-/
2012-07-31 05:21:24 Debug: permission: actionUrl-/
2012-07-31 05:21:29 Debug: permission: actionUrl-/
2012-07-31 05:21:34 Debug: permission: actionUrl-/
2012-07-31 05:21:34 Debug: permission: actionUrl-/
2012-07-31 05:21:38 Debug: permission: actionUrl-/
2012-07-31 05:21:43 Debug: permission: actionUrl-/
2012-07-31 05:21:48 Debug: permission: actionUrl-/
2012-07-31 05:21:49 Debug: permission: actionUrl-/
2012-07-31 05:21:53 Debug: permission: actionUrl-/
2012-07-31 05:21:59 Debug: permission: actionUrl-/
2012-07-31 05:22:04 Debug: permission: actionUrl-/
2012-07-31 05:22:04 Debug: permission: actionUrl-/
2012-07-31 05:22:08 Debug: permission: actionUrl-/
2012-07-31 05:22:13 Debug: permission: actionUrl-/
2012-07-31 05:22:18 Debug: permission: actionUrl-/
2012-07-31 05:22:18 Debug: permission: actionUrl-/
2012-07-31 05:22:24 Debug: permission: actionUrl-/
2012-07-31 05:22:29 Debug: permission: actionUrl-/
2012-07-31 05:22:34 Debug: permission: actionUrl-/
2012-07-31 05:22:34 Debug: permission: actionUrl-/
2012-07-31 05:22:38 Debug: permission: actionUrl-/
2012-07-31 05:22:43 Debug: permission: actionUrl-/
2012-07-31 05:22:48 Debug: permission: actionUrl-/
2012-07-31 05:22:48 Debug: permission: actionUrl-/
2012-07-31 05:22:53 Debug: permission: actionUrl-/
2012-07-31 05:22:59 Debug: permission: actionUrl-/
2012-07-31 05:23:03 Debug: permission: actionUrl-/
2012-07-31 05:23:04 Debug: permission: actionUrl-/
2012-07-31 05:23:08 Debug: permission: actionUrl-/
2012-07-31 05:23:13 Debug: permission: actionUrl-/
2012-07-31 05:23:18 Debug: permission: actionUrl-/
2012-07-31 05:23:19 Debug: permission: actionUrl-/
2012-07-31 05:23:24 Debug: permission: actionUrl-/
2012-07-31 05:23:29 Debug: permission: actionUrl-/
2012-07-31 05:23:33 Debug: permission: actionUrl-/
2012-07-31 05:23:34 Debug: permission: actionUrl-/
2012-07-31 05:23:38 Debug: permission: actionUrl-/
2012-07-31 05:23:44 Debug: permission: actionUrl-/
2012-07-31 05:23:49 Debug: permission: actionUrl-/
2012-07-31 05:23:49 Debug: permission: actionUrl-/
2012-07-31 05:23:54 Debug: permission: actionUrl-/
2012-07-31 05:23:59 Debug: permission: actionUrl-/
2012-07-31 05:24:03 Debug: permission: actionUrl-/
2012-07-31 05:24:04 Debug: permission: actionUrl-/
2012-07-31 05:24:08 Debug: permission: actionUrl-/
2012-07-31 05:24:14 Debug: permission: actionUrl-/
2012-07-31 05:24:18 Debug: permission: actionUrl-/
2012-07-31 05:24:19 Debug: permission: actionUrl-/
2012-07-31 05:24:23 Debug: permission: actionUrl-/
2012-07-31 05:24:29 Debug: permission: actionUrl-/
2012-07-31 05:24:34 Debug: permission: actionUrl-/
2012-07-31 05:24:34 Debug: permission: actionUrl-/
2012-07-31 05:24:38 Debug: permission: actionUrl-/
2012-07-31 05:24:44 Debug: permission: actionUrl-/
2012-07-31 05:24:48 Debug: permission: actionUrl-/
2012-07-31 05:24:48 Debug: permission: actionUrl-/
2012-07-31 05:24:53 Debug: permission: actionUrl-/
2012-07-31 05:24:58 Debug: permission: actionUrl-/
2012-07-31 05:25:03 Debug: permission: actionUrl-/
2012-07-31 05:25:03 Debug: permission: actionUrl-/
2012-07-31 05:25:08 Debug: permission: actionUrl-/
2012-07-31 05:25:13 Debug: permission: actionUrl-/
2012-07-31 05:25:19 Debug: permission: actionUrl-/
2012-07-31 05:25:19 Debug: permission: actionUrl-/
2012-07-31 05:25:23 Debug: permission: actionUrl-/
2012-07-31 05:25:28 Debug: permission: actionUrl-/
2012-07-31 05:25:33 Debug: permission: actionUrl-/
2012-07-31 05:25:33 Debug: permission: actionUrl-/
2012-07-31 05:25:39 Debug: permission: actionUrl-/
2012-07-31 05:25:44 Debug: permission: actionUrl-/
2012-07-31 05:25:48 Debug: permission: actionUrl-/
2012-07-31 05:25:48 Debug: permission: actionUrl-/
2012-07-31 05:25:53 Debug: permission: actionUrl-/
2012-07-31 05:25:59 Debug: permission: actionUrl-/
2012-07-31 05:26:03 Debug: permission: actionUrl-/
2012-07-31 05:26:03 Debug: permission: actionUrl-/
2012-07-31 05:26:09 Debug: permission: actionUrl-/
2012-07-31 05:26:14 Debug: permission: actionUrl-/
2012-07-31 05:26:18 Debug: permission: actionUrl-/
2012-07-31 05:26:18 Debug: permission: actionUrl-/
2012-07-31 05:26:23 Debug: permission: actionUrl-/
2012-07-31 05:26:28 Debug: permission: actionUrl-/
2012-07-31 05:26:33 Debug: permission: actionUrl-/
2012-07-31 05:26:34 Debug: permission: actionUrl-/
2012-07-31 05:26:38 Debug: permission: actionUrl-/
2012-07-31 05:26:43 Debug: permission: actionUrl-/
2012-07-31 05:26:49 Debug: permission: actionUrl-/
2012-07-31 05:26:49 Debug: permission: actionUrl-/
2012-07-31 05:26:54 Debug: permission: actionUrl-/
2012-07-31 05:26:58 Debug: permission: actionUrl-/
2012-07-31 05:27:03 Debug: permission: actionUrl-/
2012-07-31 05:27:03 Debug: permission: actionUrl-/
2012-07-31 05:27:08 Debug: permission: actionUrl-/
2012-07-31 05:27:14 Debug: permission: actionUrl-/
2012-07-31 05:27:18 Debug: permission: actionUrl-/
2012-07-31 05:27:18 Debug: permission: actionUrl-/
2012-07-31 05:27:24 Debug: permission: actionUrl-/
2012-07-31 05:27:28 Debug: permission: actionUrl-/
2012-07-31 05:27:33 Debug: permission: actionUrl-/
2012-07-31 05:27:33 Debug: permission: actionUrl-/
2012-07-31 05:27:39 Debug: permission: actionUrl-/
2012-07-31 05:27:43 Debug: permission: actionUrl-/
2012-07-31 05:27:48 Debug: permission: actionUrl-/
2012-07-31 05:27:48 Debug: permission: actionUrl-/
2012-07-31 05:27:53 Debug: permission: actionUrl-/
2012-07-31 05:27:58 Debug: permission: actionUrl-/
2012-07-31 05:28:03 Debug: permission: actionUrl-/
2012-07-31 05:28:04 Debug: permission: actionUrl-/
2012-07-31 05:28:09 Debug: permission: actionUrl-/
2012-07-31 05:28:14 Debug: permission: actionUrl-/
2012-07-31 05:28:18 Debug: permission: actionUrl-/
2012-07-31 05:28:18 Debug: permission: actionUrl-/
2012-07-31 05:28:24 Debug: permission: actionUrl-/
2012-07-31 05:28:28 Debug: permission: actionUrl-/
2012-07-31 05:28:33 Debug: permission: actionUrl-/
2012-07-31 05:28:33 Debug: permission: actionUrl-/
2012-07-31 05:28:38 Debug: permission: actionUrl-/
2012-07-31 05:28:43 Debug: permission: actionUrl-/
2012-07-31 05:28:48 Debug: permission: actionUrl-/
2012-07-31 05:28:48 Debug: permission: actionUrl-/
2012-07-31 05:28:53 Debug: permission: actionUrl-/
2012-07-31 05:28:59 Debug: permission: actionUrl-/
2012-07-31 05:29:04 Debug: permission: actionUrl-/
2012-07-31 05:29:04 Debug: permission: actionUrl-/
2012-07-31 05:29:08 Debug: permission: actionUrl-/
2012-07-31 05:29:13 Debug: permission: actionUrl-/
2012-07-31 05:29:18 Debug: permission: actionUrl-/
2012-07-31 05:29:19 Debug: permission: actionUrl-/
2012-07-31 05:29:24 Debug: permission: actionUrl-/
2012-07-31 05:29:29 Debug: permission: actionUrl-/
2012-07-31 05:29:33 Debug: permission: actionUrl-/
2012-07-31 05:29:33 Debug: permission: actionUrl-/
2012-07-31 05:29:38 Debug: permission: actionUrl-/
2012-07-31 05:29:43 Debug: permission: actionUrl-/
2012-07-31 05:29:48 Debug: permission: actionUrl-/
2012-07-31 05:29:49 Debug: permission: actionUrl-/
2012-07-31 05:29:54 Debug: permission: actionUrl-/
2012-07-31 05:29:58 Debug: permission: actionUrl-/
2012-07-31 05:30:03 Debug: permission: actionUrl-/
2012-07-31 05:30:04 Debug: permission: actionUrl-/
2012-07-31 05:30:08 Debug: permission: actionUrl-/
2012-07-31 05:30:13 Debug: permission: actionUrl-/
2012-07-31 05:30:19 Debug: permission: actionUrl-/
2012-07-31 05:30:19 Debug: permission: actionUrl-/
2012-07-31 05:30:23 Debug: permission: actionUrl-/
2012-07-31 05:30:29 Debug: permission: actionUrl-/
2012-07-31 05:30:34 Debug: permission: actionUrl-/
2012-07-31 05:30:34 Debug: permission: actionUrl-/
2012-07-31 05:30:38 Debug: permission: actionUrl-/
2012-07-31 05:30:43 Debug: permission: actionUrl-/
2012-07-31 05:30:49 Debug: permission: actionUrl-/
2012-07-31 05:30:49 Debug: permission: actionUrl-/
2012-07-31 05:30:53 Debug: permission: actionUrl-/
2012-07-31 05:30:59 Debug: permission: actionUrl-/
2012-07-31 05:31:03 Debug: permission: actionUrl-/
2012-07-31 05:31:03 Debug: permission: actionUrl-/
2012-07-31 05:31:08 Debug: permission: actionUrl-/
2012-07-31 05:31:14 Debug: permission: actionUrl-/
2012-07-31 05:31:18 Debug: permission: actionUrl-/
2012-07-31 05:31:19 Debug: permission: actionUrl-/
2012-07-31 05:31:24 Debug: permission: actionUrl-/
2012-07-31 05:31:29 Debug: permission: actionUrl-/
2012-07-31 05:31:33 Debug: permission: actionUrl-/
2012-07-31 05:31:33 Debug: permission: actionUrl-/
2012-07-31 05:31:38 Debug: permission: actionUrl-/
2012-07-31 05:31:44 Debug: permission: actionUrl-/
2012-07-31 05:31:48 Debug: permission: actionUrl-/
2012-07-31 05:31:48 Debug: permission: actionUrl-/
2012-07-31 05:31:53 Debug: permission: actionUrl-/
2012-07-31 05:31:59 Debug: permission: actionUrl-/
2012-07-31 05:32:04 Debug: permission: actionUrl-/
2012-07-31 05:32:04 Debug: permission: actionUrl-/
2012-07-31 05:32:08 Debug: permission: actionUrl-/
2012-07-31 05:32:13 Debug: permission: actionUrl-/
2012-07-31 05:32:18 Debug: permission: actionUrl-/
2012-07-31 05:32:19 Debug: permission: actionUrl-/
2012-07-31 05:32:24 Debug: permission: actionUrl-/
2012-07-31 05:32:29 Debug: permission: actionUrl-/
2012-07-31 05:32:34 Debug: permission: actionUrl-/
2012-07-31 05:32:34 Debug: permission: actionUrl-/
2012-07-31 05:32:38 Debug: permission: actionUrl-/
2012-07-31 05:32:43 Debug: permission: actionUrl-/
2012-07-31 05:32:48 Debug: permission: actionUrl-/
2012-07-31 05:32:49 Debug: permission: actionUrl-/
2012-07-31 05:32:54 Debug: permission: actionUrl-/
2012-07-31 05:32:59 Debug: permission: actionUrl-/
2012-07-31 05:33:03 Debug: permission: actionUrl-/
2012-07-31 05:33:04 Debug: permission: actionUrl-/
2012-07-31 05:33:08 Debug: permission: actionUrl-/
2012-07-31 05:33:14 Debug: permission: actionUrl-/
2012-07-31 05:33:18 Debug: permission: actionUrl-/
2012-07-31 05:33:19 Debug: permission: actionUrl-/
2012-07-31 05:33:23 Debug: permission: actionUrl-/
2012-07-31 05:33:29 Debug: permission: actionUrl-/
2012-07-31 05:33:33 Debug: permission: actionUrl-/
2012-07-31 05:33:33 Debug: permission: actionUrl-/
2012-07-31 05:33:38 Debug: permission: actionUrl-/
2012-07-31 05:33:43 Debug: permission: actionUrl-/
2012-07-31 05:33:48 Debug: permission: actionUrl-/
2012-07-31 05:33:48 Debug: permission: actionUrl-/
2012-07-31 05:33:53 Debug: permission: actionUrl-/
2012-07-31 05:33:59 Debug: permission: actionUrl-/
2012-07-31 05:34:04 Debug: permission: actionUrl-/
2012-07-31 05:34:04 Debug: permission: actionUrl-/
2012-07-31 05:34:09 Debug: permission: actionUrl-/
2012-07-31 05:34:14 Debug: permission: actionUrl-/
2012-07-31 05:34:18 Debug: permission: actionUrl-/
2012-07-31 05:34:19 Debug: permission: actionUrl-/
2012-07-31 05:34:23 Debug: permission: actionUrl-/
2012-07-31 05:34:29 Debug: permission: actionUrl-/
2012-07-31 05:34:34 Debug: permission: actionUrl-/
2012-07-31 05:34:34 Debug: permission: actionUrl-/
2012-07-31 05:34:38 Debug: permission: actionUrl-/
2012-07-31 05:34:44 Debug: permission: actionUrl-/
2012-07-31 05:34:49 Debug: permission: actionUrl-/
2012-07-31 05:34:49 Debug: permission: actionUrl-/
2012-07-31 05:34:53 Debug: permission: actionUrl-/
2012-07-31 05:34:59 Debug: permission: actionUrl-/
2012-07-31 05:35:03 Debug: permission: actionUrl-/
2012-07-31 05:35:03 Debug: permission: actionUrl-/
2012-07-31 05:35:08 Debug: permission: actionUrl-/
2012-07-31 05:35:13 Debug: permission: actionUrl-/
2012-07-31 05:35:19 Debug: permission: actionUrl-/
2012-07-31 05:35:19 Debug: permission: actionUrl-/
2012-07-31 05:35:23 Debug: permission: actionUrl-/
2012-07-31 05:35:28 Debug: permission: actionUrl-/
2012-07-31 05:35:33 Debug: permission: actionUrl-/
2012-07-31 05:35:34 Debug: permission: actionUrl-/
2012-07-31 05:35:38 Debug: permission: actionUrl-/
2012-07-31 05:35:43 Debug: permission: actionUrl-/
2012-07-31 05:35:48 Debug: permission: actionUrl-/
2012-07-31 05:35:49 Debug: permission: actionUrl-/
2012-07-31 05:35:54 Debug: permission: actionUrl-/
2012-07-31 05:35:59 Debug: permission: actionUrl-/
2012-07-31 05:36:03 Debug: permission: actionUrl-/
2012-07-31 05:36:04 Debug: permission: actionUrl-/
2012-07-31 05:36:09 Debug: permission: actionUrl-/
2012-07-31 05:36:13 Debug: permission: actionUrl-/
2012-07-31 05:36:18 Debug: permission: actionUrl-/
2012-07-31 05:36:18 Debug: permission: actionUrl-/
2012-07-31 05:36:23 Debug: permission: actionUrl-/
2012-07-31 05:36:29 Debug: permission: actionUrl-/
2012-07-31 05:36:33 Debug: permission: actionUrl-/
2012-07-31 05:36:34 Debug: permission: actionUrl-/
2012-07-31 05:36:38 Debug: permission: actionUrl-/
2012-07-31 05:36:43 Debug: permission: actionUrl-/
2012-07-31 05:36:49 Debug: permission: actionUrl-/
2012-07-31 05:36:49 Debug: permission: actionUrl-/
2012-07-31 05:36:53 Debug: permission: actionUrl-/
2012-07-31 05:36:59 Debug: permission: actionUrl-/
2012-07-31 05:37:03 Debug: permission: actionUrl-/
2012-07-31 05:37:04 Debug: permission: actionUrl-/
2012-07-31 05:37:08 Debug: permission: actionUrl-/
2012-07-31 05:37:13 Debug: permission: actionUrl-/
2012-07-31 05:37:18 Debug: permission: actionUrl-/
2012-07-31 05:37:19 Debug: permission: actionUrl-/
2012-07-31 05:37:23 Debug: permission: actionUrl-/
2012-07-31 05:37:28 Debug: permission: actionUrl-/
2012-07-31 05:37:34 Debug: permission: actionUrl-/
2012-07-31 05:37:34 Debug: permission: actionUrl-/
2012-07-31 05:37:38 Debug: permission: actionUrl-/
2012-07-31 05:37:43 Debug: permission: actionUrl-/
2012-07-31 05:37:48 Debug: permission: actionUrl-/
2012-07-31 05:37:48 Debug: permission: actionUrl-/
2012-07-31 05:37:53 Debug: permission: actionUrl-/
2012-07-31 05:37:59 Debug: permission: actionUrl-/
2012-07-31 05:38:04 Debug: permission: actionUrl-/
2012-07-31 05:38:04 Debug: permission: actionUrl-/
2012-07-31 05:38:09 Debug: permission: actionUrl-/
2012-07-31 05:38:13 Debug: permission: actionUrl-/
2012-07-31 05:38:19 Debug: permission: actionUrl-/
2012-07-31 05:38:19 Debug: permission: actionUrl-/
2012-07-31 05:38:23 Debug: permission: actionUrl-/
2012-07-31 05:38:28 Debug: permission: actionUrl-/
2012-07-31 05:38:33 Debug: permission: actionUrl-/
2012-07-31 05:38:34 Debug: permission: actionUrl-/
2012-07-31 05:38:38 Debug: permission: actionUrl-/
2012-07-31 05:38:43 Debug: permission: actionUrl-/
2012-07-31 05:38:49 Debug: permission: actionUrl-/
2012-07-31 05:38:49 Debug: permission: actionUrl-/
2012-07-31 05:38:53 Debug: permission: actionUrl-/
2012-07-31 05:38:58 Debug: permission: actionUrl-/
2012-07-31 05:39:03 Debug: permission: actionUrl-/
2012-07-31 05:39:04 Debug: permission: actionUrl-/
2012-07-31 05:39:08 Debug: permission: actionUrl-/
2012-07-31 05:39:13 Debug: permission: actionUrl-/
2012-07-31 05:39:18 Debug: permission: actionUrl-/
2012-07-31 05:39:19 Debug: permission: actionUrl-/
2012-07-31 05:39:24 Debug: permission: actionUrl-/
2012-07-31 05:39:28 Debug: permission: actionUrl-/
2012-07-31 05:39:33 Debug: permission: actionUrl-/
2012-07-31 05:39:33 Debug: permission: actionUrl-/
2012-07-31 05:39:39 Debug: permission: actionUrl-/
2012-07-31 05:39:44 Debug: permission: actionUrl-/
2012-07-31 05:39:49 Debug: permission: actionUrl-/
2012-07-31 05:39:49 Debug: permission: actionUrl-/
2012-07-31 05:39:54 Debug: permission: actionUrl-/
2012-07-31 05:39:58 Debug: permission: actionUrl-/
2012-07-31 05:40:03 Debug: permission: actionUrl-/
2012-07-31 05:40:03 Debug: permission: actionUrl-/
2012-07-31 05:40:08 Debug: permission: actionUrl-/
2012-07-31 05:40:13 Debug: permission: actionUrl-/
2012-07-31 05:40:19 Debug: permission: actionUrl-/
2012-07-31 05:40:19 Debug: permission: actionUrl-/
2012-07-31 05:40:23 Debug: permission: actionUrl-/
2012-07-31 05:40:29 Debug: permission: actionUrl-/
2012-07-31 05:40:33 Debug: permission: actionUrl-/
2012-07-31 05:40:34 Debug: permission: actionUrl-/
2012-07-31 05:40:38 Debug: permission: actionUrl-/
2012-07-31 05:40:43 Debug: permission: actionUrl-/
2012-07-31 05:40:49 Debug: permission: actionUrl-/
2012-07-31 05:40:49 Debug: permission: actionUrl-/
2012-07-31 05:40:53 Debug: permission: actionUrl-/
2012-07-31 05:40:58 Debug: permission: actionUrl-/
2012-07-31 05:41:03 Debug: permission: actionUrl-/
2012-07-31 05:41:04 Debug: permission: actionUrl-/
2012-07-31 05:41:08 Debug: permission: actionUrl-/
2012-07-31 05:41:14 Debug: permission: actionUrl-/
2012-07-31 05:41:18 Debug: permission: actionUrl-/
2012-07-31 05:41:19 Debug: permission: actionUrl-/
2012-07-31 05:41:23 Debug: permission: actionUrl-/
2012-07-31 05:41:29 Debug: permission: actionUrl-/
2012-07-31 05:41:33 Debug: permission: actionUrl-/
2012-07-31 05:41:34 Debug: permission: actionUrl-/
2012-07-31 05:41:38 Debug: permission: actionUrl-/
2012-07-31 05:41:43 Debug: permission: actionUrl-/
2012-07-31 05:41:49 Debug: permission: actionUrl-/
2012-07-31 05:41:49 Debug: permission: actionUrl-/
2012-07-31 05:41:54 Debug: permission: actionUrl-/
2012-07-31 05:41:58 Debug: permission: actionUrl-/
2012-07-31 05:42:03 Debug: permission: actionUrl-/
2012-07-31 05:42:04 Debug: permission: actionUrl-/
2012-07-31 05:42:08 Debug: permission: actionUrl-/
2012-07-31 05:42:14 Debug: permission: actionUrl-/
2012-07-31 05:42:18 Debug: permission: actionUrl-/
2012-07-31 05:42:19 Debug: permission: actionUrl-/
2012-07-31 05:42:23 Debug: permission: actionUrl-/
2012-07-31 05:42:29 Debug: permission: actionUrl-/
2012-07-31 05:42:34 Debug: permission: actionUrl-/
2012-07-31 05:42:34 Debug: permission: actionUrl-/
2012-07-31 05:42:39 Debug: permission: actionUrl-/
2012-07-31 05:42:44 Debug: permission: actionUrl-/
2012-07-31 05:42:49 Debug: permission: actionUrl-/
2012-07-31 05:42:49 Debug: permission: actionUrl-/
2012-07-31 05:42:54 Debug: permission: actionUrl-/
2012-07-31 05:42:58 Debug: permission: actionUrl-/
2012-07-31 05:43:03 Debug: permission: actionUrl-/
2012-07-31 05:43:04 Debug: permission: actionUrl-/
2012-07-31 05:43:08 Debug: permission: actionUrl-/
2012-07-31 05:43:14 Debug: permission: actionUrl-/
2012-07-31 05:43:18 Debug: permission: actionUrl-/
2012-07-31 05:43:18 Debug: permission: actionUrl-/
2012-07-31 05:43:23 Debug: permission: actionUrl-/
2012-07-31 05:43:29 Debug: permission: actionUrl-/
2012-07-31 05:43:33 Debug: permission: actionUrl-/
2012-07-31 05:43:33 Debug: permission: actionUrl-/
2012-07-31 05:43:38 Debug: permission: actionUrl-/
2012-07-31 05:43:43 Debug: permission: actionUrl-/
2012-07-31 05:43:48 Debug: permission: actionUrl-/
2012-07-31 05:43:48 Debug: permission: actionUrl-/
2012-07-31 05:43:53 Debug: permission: actionUrl-/
2012-07-31 05:43:59 Debug: permission: actionUrl-/
2012-07-31 05:44:04 Debug: permission: actionUrl-/
2012-07-31 05:44:04 Debug: permission: actionUrl-/
2012-07-31 05:44:08 Debug: permission: actionUrl-/
2012-07-31 05:44:13 Debug: permission: actionUrl-/
2012-07-31 05:44:19 Debug: permission: actionUrl-/
2012-07-31 05:44:19 Debug: permission: actionUrl-/
2012-07-31 05:44:23 Debug: permission: actionUrl-/
2012-07-31 05:44:28 Debug: permission: actionUrl-/
2012-07-31 05:44:34 Debug: permission: actionUrl-/
2012-07-31 05:44:34 Debug: permission: actionUrl-/
2012-07-31 05:44:38 Debug: permission: actionUrl-/
2012-07-31 05:44:44 Debug: permission: actionUrl-/
2012-07-31 05:44:48 Debug: permission: actionUrl-/
2012-07-31 05:44:48 Debug: permission: actionUrl-/
2012-07-31 05:44:53 Debug: permission: actionUrl-/
2012-07-31 05:44:58 Debug: permission: actionUrl-/
2012-07-31 05:45:04 Debug: permission: actionUrl-/
2012-07-31 05:45:04 Debug: permission: actionUrl-/
2012-07-31 05:45:09 Debug: permission: actionUrl-/
2012-07-31 05:45:13 Debug: permission: actionUrl-/
2012-07-31 05:45:18 Debug: permission: actionUrl-/
2012-07-31 05:45:18 Debug: permission: actionUrl-/
2012-07-31 05:45:23 Debug: permission: actionUrl-/
2012-07-31 05:45:29 Debug: permission: actionUrl-/
2012-07-31 05:45:33 Debug: permission: actionUrl-/
2012-07-31 05:45:34 Debug: permission: actionUrl-/
2012-07-31 05:45:38 Debug: permission: actionUrl-/
2012-07-31 05:45:44 Debug: permission: actionUrl-/
2012-07-31 05:45:48 Debug: permission: actionUrl-/
2012-07-31 05:45:49 Debug: permission: actionUrl-/
2012-07-31 05:45:53 Debug: permission: actionUrl-/
2012-07-31 05:45:58 Debug: permission: actionUrl-/
2012-07-31 05:46:03 Debug: permission: actionUrl-/
2012-07-31 05:46:04 Debug: permission: actionUrl-/
2012-07-31 05:46:08 Debug: permission: actionUrl-/
2012-07-31 05:46:13 Debug: permission: actionUrl-/
2012-07-31 05:46:19 Debug: permission: actionUrl-/
2012-07-31 05:46:19 Debug: permission: actionUrl-/
2012-07-31 05:46:23 Debug: permission: actionUrl-/
2012-07-31 05:46:29 Debug: permission: actionUrl-/
2012-07-31 05:46:34 Debug: permission: actionUrl-/
2012-07-31 05:46:34 Debug: permission: actionUrl-/
2012-07-31 05:46:38 Debug: permission: actionUrl-/
2012-07-31 05:46:43 Debug: permission: actionUrl-/
2012-07-31 05:46:48 Debug: permission: actionUrl-/
2012-07-31 05:46:48 Debug: permission: actionUrl-/
2012-07-31 05:46:53 Debug: permission: actionUrl-/
2012-07-31 05:46:59 Debug: permission: actionUrl-/
2012-07-31 05:47:03 Debug: permission: actionUrl-/
2012-07-31 05:47:04 Debug: permission: actionUrl-/
2012-07-31 05:47:08 Debug: permission: actionUrl-/
2012-07-31 05:47:14 Debug: permission: actionUrl-/
2012-07-31 05:47:18 Debug: permission: actionUrl-/
2012-07-31 05:47:19 Debug: permission: actionUrl-/
2012-07-31 05:47:23 Debug: permission: actionUrl-/
2012-07-31 05:47:29 Debug: permission: actionUrl-/
2012-07-31 05:47:33 Debug: permission: actionUrl-/
2012-07-31 05:47:34 Debug: permission: actionUrl-/
2012-07-31 05:47:38 Debug: permission: actionUrl-/
2012-07-31 05:47:43 Debug: permission: actionUrl-/
2012-07-31 05:47:48 Debug: permission: actionUrl-/
2012-07-31 05:47:48 Debug: permission: actionUrl-/
2012-07-31 05:47:54 Debug: permission: actionUrl-/
2012-07-31 05:47:59 Debug: permission: actionUrl-/
2012-07-31 05:48:03 Debug: permission: actionUrl-/
2012-07-31 05:48:03 Debug: permission: actionUrl-/
2012-07-31 05:48:08 Debug: permission: actionUrl-/
2012-07-31 05:48:14 Debug: permission: actionUrl-/
2012-07-31 05:48:18 Debug: permission: actionUrl-/
2012-07-31 05:48:19 Debug: permission: actionUrl-/
2012-07-31 05:48:23 Debug: permission: actionUrl-/
2012-07-31 05:48:29 Debug: permission: actionUrl-/
2012-07-31 05:48:33 Debug: permission: actionUrl-/
2012-07-31 05:48:33 Debug: permission: actionUrl-/
2012-07-31 05:48:39 Debug: permission: actionUrl-/
2012-07-31 05:48:43 Debug: permission: actionUrl-/
2012-07-31 05:48:48 Debug: permission: actionUrl-/
2012-07-31 05:48:49 Debug: permission: actionUrl-/
2012-07-31 05:48:53 Debug: permission: actionUrl-/
2012-07-31 05:48:58 Debug: permission: actionUrl-/
2012-07-31 05:49:03 Debug: permission: actionUrl-/
2012-07-31 05:49:03 Debug: permission: actionUrl-/
2012-07-31 05:49:08 Debug: permission: actionUrl-/
2012-07-31 05:49:13 Debug: permission: actionUrl-/
2012-07-31 05:49:19 Debug: permission: actionUrl-/
2012-07-31 05:49:19 Debug: permission: actionUrl-/
2012-07-31 05:49:24 Debug: permission: actionUrl-/
2012-07-31 05:49:29 Debug: permission: actionUrl-/
2012-07-31 05:49:33 Debug: permission: actionUrl-/
2012-07-31 05:49:34 Debug: permission: actionUrl-/
2012-07-31 05:49:38 Debug: permission: actionUrl-/
2012-07-31 05:49:43 Debug: permission: actionUrl-/
2012-07-31 05:49:49 Debug: permission: actionUrl-/
2012-07-31 05:49:49 Debug: permission: actionUrl-/
2012-07-31 05:49:53 Debug: permission: actionUrl-/
2012-07-31 05:49:58 Debug: permission: actionUrl-/
2012-07-31 05:50:03 Debug: permission: actionUrl-/
2012-07-31 05:50:04 Debug: permission: actionUrl-/
2012-07-31 05:50:08 Debug: permission: actionUrl-/
2012-07-31 05:50:13 Debug: permission: actionUrl-/
2012-07-31 05:50:19 Debug: permission: actionUrl-/
2012-07-31 05:50:19 Debug: permission: actionUrl-/
2012-07-31 05:50:23 Debug: permission: actionUrl-/
2012-07-31 05:50:29 Debug: permission: actionUrl-/
2012-07-31 05:50:33 Debug: permission: actionUrl-/
2012-07-31 05:50:34 Debug: permission: actionUrl-/
2012-07-31 05:50:38 Debug: permission: actionUrl-/
2012-07-31 05:50:43 Debug: permission: actionUrl-/
2012-07-31 05:50:49 Debug: permission: actionUrl-/
2012-07-31 05:50:49 Debug: permission: actionUrl-/
2012-07-31 05:50:53 Debug: permission: actionUrl-/
2012-07-31 05:50:59 Debug: permission: actionUrl-/
2012-07-31 05:51:04 Debug: permission: actionUrl-/
2012-07-31 05:51:04 Debug: permission: actionUrl-/
2012-07-31 05:51:08 Debug: permission: actionUrl-/
2012-07-31 05:51:14 Debug: permission: actionUrl-/
2012-07-31 05:51:18 Debug: permission: actionUrl-/
2012-07-31 05:51:19 Debug: permission: actionUrl-/
2012-07-31 05:51:23 Debug: permission: actionUrl-/
2012-07-31 05:51:28 Debug: permission: actionUrl-/
2012-07-31 05:51:33 Debug: permission: actionUrl-/
2012-07-31 05:51:34 Debug: permission: actionUrl-/
2012-07-31 05:51:38 Debug: permission: actionUrl-/
2012-07-31 05:51:43 Debug: permission: actionUrl-/
2012-07-31 05:51:48 Debug: permission: actionUrl-/
2012-07-31 05:51:48 Debug: permission: actionUrl-/
2012-07-31 05:51:53 Debug: permission: actionUrl-/
2012-07-31 05:51:58 Debug: permission: actionUrl-/
2012-07-31 05:52:04 Debug: permission: actionUrl-/
2012-07-31 05:52:04 Debug: permission: actionUrl-/
2012-07-31 05:52:08 Debug: permission: actionUrl-/
2012-07-31 05:52:13 Debug: permission: actionUrl-/
2012-07-31 05:52:18 Debug: permission: actionUrl-/
2012-07-31 05:52:18 Debug: permission: actionUrl-/
2012-07-31 05:52:24 Debug: permission: actionUrl-/
2012-07-31 05:52:29 Debug: permission: actionUrl-/
2012-07-31 05:52:33 Debug: permission: actionUrl-/
2012-07-31 05:52:34 Debug: permission: actionUrl-/
2012-07-31 05:52:39 Debug: permission: actionUrl-/
2012-07-31 05:52:43 Debug: permission: actionUrl-/
2012-07-31 05:52:48 Debug: permission: actionUrl-/
2012-07-31 05:52:49 Debug: permission: actionUrl-/
2012-07-31 05:52:54 Debug: permission: actionUrl-/
2012-07-31 05:52:58 Debug: permission: actionUrl-/
2012-07-31 05:53:03 Debug: permission: actionUrl-/
2012-07-31 05:53:04 Debug: permission: actionUrl-/
2012-07-31 05:53:09 Debug: permission: actionUrl-/
2012-07-31 05:53:14 Debug: permission: actionUrl-/
2012-07-31 05:53:19 Debug: permission: actionUrl-/
2012-07-31 05:53:19 Debug: permission: actionUrl-/
2012-07-31 05:53:23 Debug: permission: actionUrl-/
2012-07-31 05:53:29 Debug: permission: actionUrl-/
2012-07-31 05:53:33 Debug: permission: actionUrl-/
2012-07-31 05:53:33 Debug: permission: actionUrl-/
2012-07-31 05:53:39 Debug: permission: actionUrl-/
2012-07-31 05:53:44 Debug: permission: actionUrl-/
2012-07-31 05:53:49 Debug: permission: actionUrl-/
2012-07-31 05:53:49 Debug: permission: actionUrl-/
2012-07-31 05:53:53 Debug: permission: actionUrl-/
2012-07-31 05:53:58 Debug: permission: actionUrl-/
2012-07-31 05:54:03 Debug: permission: actionUrl-/
2012-07-31 05:54:03 Debug: permission: actionUrl-/
2012-07-31 05:54:09 Debug: permission: actionUrl-/
2012-07-31 05:54:14 Debug: permission: actionUrl-/
2012-07-31 05:54:19 Debug: permission: actionUrl-/
2012-07-31 05:54:19 Debug: permission: actionUrl-/
2012-07-31 05:54:23 Debug: permission: actionUrl-/
2012-07-31 05:54:28 Debug: permission: actionUrl-/
2012-07-31 05:54:33 Debug: permission: actionUrl-/
2012-07-31 05:54:33 Debug: permission: actionUrl-/
2012-07-31 05:54:38 Debug: permission: actionUrl-/
2012-07-31 05:54:43 Debug: permission: actionUrl-/
2012-07-31 05:54:48 Debug: permission: actionUrl-/
2012-07-31 05:54:49 Debug: permission: actionUrl-/
2012-07-31 05:54:53 Debug: permission: actionUrl-/
2012-07-31 05:54:58 Debug: permission: actionUrl-/
2012-07-31 05:55:04 Debug: permission: actionUrl-/
2012-07-31 05:55:04 Debug: permission: actionUrl-/
2012-07-31 05:55:08 Debug: permission: actionUrl-/
2012-07-31 05:55:13 Debug: permission: actionUrl-/
2012-07-31 05:55:18 Debug: permission: actionUrl-/
2012-07-31 05:55:18 Debug: permission: actionUrl-/
2012-07-31 05:55:24 Debug: permission: actionUrl-/
2012-07-31 05:55:28 Debug: permission: actionUrl-/
2012-07-31 05:55:33 Debug: permission: actionUrl-/
2012-07-31 05:55:34 Debug: permission: actionUrl-/
2012-07-31 05:55:38 Debug: permission: actionUrl-/
2012-07-31 05:55:44 Debug: permission: actionUrl-/
2012-07-31 05:55:49 Debug: permission: actionUrl-/
2012-07-31 05:55:49 Debug: permission: actionUrl-/
2012-07-31 05:55:53 Debug: permission: actionUrl-/
2012-07-31 05:55:58 Debug: permission: actionUrl-/
2012-07-31 05:56:04 Debug: permission: actionUrl-/
2012-07-31 05:56:04 Debug: permission: actionUrl-/
2012-07-31 05:56:08 Debug: permission: actionUrl-/
2012-07-31 05:56:13 Debug: permission: actionUrl-/
2012-07-31 05:56:19 Debug: permission: actionUrl-/
2012-07-31 05:56:19 Debug: permission: actionUrl-/
2012-07-31 05:56:24 Debug: permission: actionUrl-/
2012-07-31 05:56:29 Debug: permission: actionUrl-/
2012-07-31 05:56:34 Debug: permission: actionUrl-/
2012-07-31 05:56:34 Debug: permission: actionUrl-/
2012-07-31 05:56:39 Debug: permission: actionUrl-/
2012-07-31 05:56:43 Debug: permission: actionUrl-/
2012-07-31 05:56:49 Debug: permission: actionUrl-/
2012-07-31 05:56:49 Debug: permission: actionUrl-/
2012-07-31 05:56:53 Debug: permission: actionUrl-/
2012-07-31 05:56:58 Debug: permission: actionUrl-/
2012-07-31 05:57:03 Debug: permission: actionUrl-/
2012-07-31 05:57:03 Debug: permission: actionUrl-/
2012-07-31 05:57:08 Debug: permission: actionUrl-/
2012-07-31 05:57:13 Debug: permission: actionUrl-/
2012-07-31 05:57:18 Debug: permission: actionUrl-/
2012-07-31 05:57:19 Debug: permission: actionUrl-/
2012-07-31 05:57:23 Debug: permission: actionUrl-/
2012-07-31 05:57:28 Debug: permission: actionUrl-/
2012-07-31 05:57:33 Debug: permission: actionUrl-/
2012-07-31 05:57:33 Debug: permission: actionUrl-/
2012-07-31 05:57:38 Debug: permission: actionUrl-/
2012-07-31 05:57:44 Debug: permission: actionUrl-/
2012-07-31 05:57:48 Debug: permission: actionUrl-/
2012-07-31 05:57:49 Debug: permission: actionUrl-/
2012-07-31 05:57:53 Debug: permission: actionUrl-/
2012-07-31 05:57:58 Debug: permission: actionUrl-/
2012-07-31 05:58:04 Debug: permission: actionUrl-/
2012-07-31 05:58:04 Debug: permission: actionUrl-/
2012-07-31 05:58:09 Debug: permission: actionUrl-/
2012-07-31 05:58:14 Debug: permission: actionUrl-/
2012-07-31 05:58:18 Debug: permission: actionUrl-/
2012-07-31 05:58:18 Debug: permission: actionUrl-/
2012-07-31 05:58:23 Debug: permission: actionUrl-/
2012-07-31 05:58:28 Debug: permission: actionUrl-/
2012-07-31 05:58:33 Debug: permission: actionUrl-/
2012-07-31 05:58:33 Debug: permission: actionUrl-/
2012-07-31 05:58:39 Debug: permission: actionUrl-/
2012-07-31 05:58:43 Debug: permission: actionUrl-/
2012-07-31 05:58:49 Debug: permission: actionUrl-/
2012-07-31 05:58:49 Debug: permission: actionUrl-/
2012-07-31 05:58:53 Debug: permission: actionUrl-/
2012-07-31 05:58:58 Debug: permission: actionUrl-/
2012-07-31 05:59:04 Debug: permission: actionUrl-/
2012-07-31 05:59:04 Debug: permission: actionUrl-/
2012-07-31 05:59:08 Debug: permission: actionUrl-/
2012-07-31 05:59:13 Debug: permission: actionUrl-/
2012-07-31 05:59:19 Debug: permission: actionUrl-/
2012-07-31 05:59:19 Debug: permission: actionUrl-/
2012-07-31 05:59:24 Debug: permission: actionUrl-/
2012-07-31 05:59:29 Debug: permission: actionUrl-/
2012-07-31 05:59:34 Debug: permission: actionUrl-/
2012-07-31 05:59:34 Debug: permission: actionUrl-/
2012-07-31 05:59:38 Debug: permission: actionUrl-/
2012-07-31 05:59:43 Debug: permission: actionUrl-/
2012-07-31 05:59:49 Debug: permission: actionUrl-/
2012-07-31 05:59:49 Debug: permission: actionUrl-/
2012-07-31 05:59:53 Debug: permission: actionUrl-/
2012-07-31 05:59:59 Debug: permission: actionUrl-/
2012-07-31 06:00:04 Debug: permission: actionUrl-/
2012-07-31 06:00:04 Debug: permission: actionUrl-/
2012-07-31 06:00:09 Debug: permission: actionUrl-/
2012-07-31 06:00:14 Debug: permission: actionUrl-/
2012-07-31 06:00:18 Debug: permission: actionUrl-/
2012-07-31 06:00:18 Debug: permission: actionUrl-/
2012-07-31 06:00:24 Debug: permission: actionUrl-/
2012-07-31 06:00:28 Debug: permission: actionUrl-/
2012-07-31 06:00:34 Debug: permission: actionUrl-/
2012-07-31 06:00:34 Debug: permission: actionUrl-/
2012-07-31 06:00:39 Debug: permission: actionUrl-/
2012-07-31 06:00:44 Debug: permission: actionUrl-/
2012-07-31 06:00:48 Debug: permission: actionUrl-/
2012-07-31 06:00:49 Debug: permission: actionUrl-/
2012-07-31 06:00:53 Debug: permission: actionUrl-/
2012-07-31 06:01:38 Debug: permission: actionUrl-/
2012-07-31 06:02:17 Debug: permission: actionUrl-/
2012-07-31 06:06:15 Debug: permission: actionUrl-/
